Selected version 14.23.1.2582Selected version 14.23.1.2582

This mapping 'snapshot_20171003' was designed for MC 1.12! Use at your own peril.This mapping 'snapshot_20171003' was designed for MC 1.12! Use at your own peril.

:deobfCompileDummyTask
:deobfProvidedDummyTask
:getVersionJson
:extractUserdev UP-TO-DATE
:extractDependencyATs SKIPPED
:extractMcpData SKIPPED
:extractMcpMappings
:genSrgs SKIPPED
:downloadClient SKIPPED
:downloadServer SKIPPED
:splitServerJar SKIPPED
:mergeJars SKIPPED
:deobfMcSRG SKIPPED
:decompileMc SKIPPED
:fixMcSources SKIPPED
:applySourcePatches SKIPPED
:remapMcSources SKIPPED
:recompileMc SKIPPED
:extractNatives SKIPPED
:getAssetIndex UP-TO-DATE
:getAssets
Current status: 255/1283   19%
Current status: 412/1283   32%
Current status: 560/1283   43%
Current status: 626/1283   48%
Current status: 819/1283   63%
Current status: 1037/1283   80%
Current status: 1269/1283   98%
:makeStart SKIPPED
:setupDecompWorkspace

BUILD SUCCESSFUL

Total time: 25.337 secs
